<?xml version="1.0" encoding="UTF-8"?>
<testsuite name="test.lexerTest.TokenTypesTest" tests="7" skipped="0" failures="0" errors="0" timestamp="2025-08-08T20:04:18" hostname="DESKTOP-MCFGJD0" time="0.03">
  <properties/>
  <testcase name="tokenTypeShouldBeStringType()" classname="test.lexerTest.TokenTypesTest" time="0.015"/>
  <testcase name="tokenTypeShouldBeOperatorType()" classname="test.lexerTest.TokenTypesTest" time="0.001"/>
  <testcase name="tokenTypeShouldBePunctuationType()" classname="test.lexerTest.TokenTypesTest" time="0.001"/>
  <testcase name="tokenTypeShouldBeNumberType()" classname="test.lexerTest.TokenTypesTest" time="0.001"/>
  <testcase name="tokenTypeShouldBeLiteralNumber()" classname="test.lexerTest.TokenTypesTest" time="0.001"/>
  <testcase name="tokenTypeShouldBeLiteralString()" classname="test.lexerTest.TokenTypesTest" time="0.001"/>
  <testcase name="tokenTypeShouldBeIdentifierType()" classname="test.lexerTest.TokenTypesTest" time="0.001"/>
  <system-out><![CDATA[]]></system-out>
  <system-err><![CDATA[]]></system-err>
</testsuite>
